#-----------------------------------------------------------
# Vivado v2015.2 (64-bit)
# SW Build 1266856 on Fri Jun 26 16:35:25 MDT 2015
# IP Build 1264090 on Wed Jun 24 14:22:01 MDT 2015
# Start of session at: Wed Jun 05 02:00:44 2019
# Process ID: 2232
# Log file: C:/Users/yizii/Desktop/yzh/OrginalPongZyboSpring2019/vivado.log
# Journal file: C:/Users/yizii/Desktop/yzh/OrginalPongZyboSpring2019\vivado.jou
#-----------------------------------------------------------
start_gui
open_project C:/Users/yizii/Desktop/yzh/OrginalPongZyboSpring2019/OriginalPongZyboSpring2019.xpr
Scanning sources...
Finished scanning sources
INFO: [IP_Flow 19-234] Refreshing IP repositories
INFO: [IP_Flow 19-1704] No user IP repositories specified
INFO: [IP_Flow 19-2313] Loaded Vivado IP repository 'C:/Users/XLInux/Vivado/2015.2/data/ip'.
open_project: Time (s): cpu = 00:00:13 ; elapsed = 00:00:08 . Memory (MB): peak = 709.227 ; gain = 152.449
reset_run synth_1
launch_runs impl_1 -to_step write_bitstream
[Wed Jun 05 02:03:16 2019] Launched synth_1...
Run output will be captured here: C:/Users/yizii/Desktop/yzh/OrginalPongZyboSpring2019/OriginalPongZyboSpring2019.runs/synth_1/runme.log
[Wed Jun 05 02:03:16 2019] Launched impl_1...
Run output will be captured here: C:/Users/yizii/Desktop/yzh/OrginalPongZyboSpring2019/OriginalPongZyboSpring2019.runs/impl_1/runme.log
reset_run synth_1
launch_runs impl_1 -to_step write_bitstream
[Wed Jun 05 02:03:56 2019] Launched synth_1...
Run output will be captured here: C:/Users/yizii/Desktop/yzh/OrginalPongZyboSpring2019/OriginalPongZyboSpring2019.runs/synth_1/runme.log
[Wed Jun 05 02:03:56 2019] Launched impl_1...
Run output will be captured here: C:/Users/yizii/Desktop/yzh/OrginalPongZyboSpring2019/OriginalPongZyboSpring2019.runs/impl_1/runme.log
open_hw
connect_hw_server
INFO: [Labtools 27-2285] Connecting to hw_server url TCP:localhost:3121
INFO: [Labtools 27-2222] Launching hw_server...
INFO: [Labtools 27-2221] Launch Output:

****** Xilinx hw_server v2015.2
  **** Build date : Jun 26 2015-16:56:39
    ** Copyright 1986-1999, 2001-2015 Xilinx, Inc. All Rights Reserved.


open_hw_target [lindex [get_hw_targets -of_objects [get_hw_servers localhost]] 0]
INFO: [Labtoolstcl 44-466] Opening hw_target localhost:3121/xilinx_tcf/Digilent/210279654348A
set_property PROGRAM.FILE {C:/Users/yizii/Desktop/yzh/OrginalPongZyboSpring2019/OriginalPongZyboSpring2019.runs/impl_1/pongZybo2019spring.bit} [lindex [get_hw_devices] 1]
current_hw_device [lindex [get_hw_devices] 1]
refresh_hw_device -update_hw_probes false [lindex [get_hw_devices] 1]
INFO: [Labtools 27-1435] Device xc7z010 (JTAG device index = 1) is not programmed (DONE status = 0).
set_property PROBES.FILE {} [lindex [get_hw_devices] 1]
set_property PROGRAM.FILE {C:/Users/yizii/Desktop/yzh/OrginalPongZyboSpring2019/OriginalPongZyboSpring2019.runs/impl_1/pongZybo2019spring.bit} [lindex [get_hw_devices] 1]
program_hw_devices [lindex [get_hw_devices] 1]
INFO: [Labtools 27-3164] End of startup status: HIGH
refresh_hw_device [lindex [get_hw_devices] 1]
INFO: [Labtools 27-1434] Device xc7z010 (JTAG device index = 1) is programmed with a design that has no supported debug core(s) in it.
WARNING: [Labtools 27-3123] The debug hub core was not detected at User Scan Chain 1 or 3.
Resolution: 
1. Make sure the clock connected to the debug hub (dbg_hub) core is a free running clock and is active OR
2. Manually launch hw_server with -e "set xsdb-user-bscan <C_USER_SCAN_CHAIN scan_chain_number>" to detect the debug hub at User Scan Chain of 2 or 4. To determine the user scan chain setting, open the implemented design and use: get_property C_USER_SCAN_CHAIN [get_debug_cores dbg_hub].
reset_run impl_1 -prev_step 
launch_runs impl_1 -to_step write_bitstream
WARNING: [Vivado 12-872] Run step 'Design Initialization' is out-of-date.
[Wed Jun 05 02:11:08 2019] Launched impl_1...
Run output will be captured here: C:/Users/yizii/Desktop/yzh/OrginalPongZyboSpring2019/OriginalPongZyboSpring2019.runs/impl_1/runme.log
set_property PROBES.FILE {} [lindex [get_hw_devices] 1]
set_property PROGRAM.FILE {C:/Users/yizii/Desktop/yzh/OrginalPongZyboSpring2019/OriginalPongZyboSpring2019.runs/impl_1/pongZybo2019spring.bit} [lindex [get_hw_devices] 1]
program_hw_devices [lindex [get_hw_devices] 1]
INFO: [Labtools 27-3164] End of startup status: HIGH
refresh_hw_device [lindex [get_hw_devices] 1]
INFO: [Labtools 27-1434] Device xc7z010 (JTAG device index = 1) is programmed with a design that has no supported debug core(s) in it.
WARNING: [Labtools 27-3123] The debug hub core was not detected at User Scan Chain 1 or 3.
Resolution: 
1. Make sure the clock connected to the debug hub (dbg_hub) core is a free running clock and is active OR
2. Manually launch hw_server with -e "set xsdb-user-bscan <C_USER_SCAN_CHAIN scan_chain_number>" to detect the debug hub at User Scan Chain of 2 or 4. To determine the user scan chain setting, open the implemented design and use: get_property C_USER_SCAN_CHAIN [get_debug_cores dbg_hub].
reset_run synth_1
launch_runs impl_1 -to_step write_bitstream
[Wed Jun 05 02:12:18 2019] Launched synth_1...
Run output will be captured here: C:/Users/yizii/Desktop/yzh/OrginalPongZyboSpring2019/OriginalPongZyboSpring2019.runs/synth_1/runme.log
[Wed Jun 05 02:12:18 2019] Launched impl_1...
Run output will be captured here: C:/Users/yizii/Desktop/yzh/OrginalPongZyboSpring2019/OriginalPongZyboSpring2019.runs/impl_1/runme.log
ERROR: [Labtools 27-3175] Target jsn-Zybo-210279654348A is no longer available.
Please use disconnect_hw_server to close the current server connection. Check cable connectivity and that the target board is powered up.
Restart the hw_server application running on host localhost, port 3121 and then use connect_hw_server to re-establish connection to target.
close_hw_target
INFO: [Labtoolstcl 44-464] Closing hw_target localhost/xilinx_tcf/Digilent/210279654348A
open_run impl_1
INFO: [Netlist 29-17] Analyzing 24 Unisim elements for replacement
INFO: [Netlist 29-28] Unisim Transformation completed in 0 CPU seconds
INFO: [Project 1-479] Netlist was created with Vivado 2015.2
INFO: [Device 21-403] Loading part xc7z010clg400-1
INFO: [Project 1-570] Preparing netlist for logic optimization
Parsing XDC File [C:/Users/yizii/Desktop/yzh/OrginalPongZyboSpring2019/.Xil/Vivado-2232-DESKTOP-VUIUF3J/dcp/pongZybo2019spring.xdc]
Finished Parsing XDC File [C:/Users/yizii/Desktop/yzh/OrginalPongZyboSpring2019/.Xil/Vivado-2232-DESKTOP-VUIUF3J/dcp/pongZybo2019spring.xdc]
Reading XDEF placement.
Reading placer database...
Reading XDEF routing.
Read XDEF File: Time (s): cpu = 00:00:00 ; elapsed = 00:00:00.070 . Memory (MB): peak = 1013.844 ; gain = 0.953
Restored from archive | CPU: 0.000000 secs | Memory: 0.000000 MB |
Finished XDEF File Restore: Time (s): cpu = 00:00:00 ; elapsed = 00:00:00.070 . Memory (MB): peak = 1013.844 ; gain = 0.953
INFO: [Project 1-111] Unisim Transformation Summary:
No Unisim elements were transformed.

open_run: Time (s): cpu = 00:00:13 ; elapsed = 00:00:11 . Memory (MB): peak = 1109.434 ; gain = 304.000
WARNING: [Timing 38-313] There are no user specified timing constraints. Timing constraints are needed for proper timing analysis.
disconnect_hw_server localhost
connect_hw_server -url localhost:3121
INFO: [Labtools 27-2285] Connecting to hw_server url TCP:localhost:3121
current_hw_target [get_hw_targets */xilinx_tcf/Digilent/210279654348A]
set_property PARAM.FREQUENCY 15000000 [get_hw_targets */xilinx_tcf/Digilent/210279654348A]
open_hw_target
INFO: [Labtoolstcl 44-466] Opening hw_target localhost:3121/xilinx_tcf/Digilent/210279654348A
set_property PROGRAM.FILE {C:/Users/yizii/Desktop/yzh/OrginalPongZyboSpring2019/OriginalPongZyboSpring2019.runs/impl_1/pongZybo2019spring.bit} [lindex [get_hw_devices] 1]
current_hw_device [lindex [get_hw_devices] 1]
refresh_hw_device -update_hw_probes false [lindex [get_hw_devices] 1]
INFO: [Labtools 27-1435] Device xc7z010 (JTAG device index = 1) is not programmed (DONE status = 0).
set_property PROBES.FILE {} [lindex [get_hw_devices] 1]
set_property PROGRAM.FILE {C:/Users/yizii/Desktop/yzh/OrginalPongZyboSpring2019/OriginalPongZyboSpring2019.runs/impl_1/pongZybo2019spring.bit} [lindex [get_hw_devices] 1]
program_hw_devices [lindex [get_hw_devices] 1]
INFO: [Labtools 27-3164] End of startup status: HIGH
refresh_hw_device [lindex [get_hw_devices] 1]
INFO: [Labtools 27-1434] Device xc7z010 (JTAG device index = 1) is programmed with a design that has no supported debug core(s) in it.
WARNING: [Labtools 27-3123] The debug hub core was not detected at User Scan Chain 1 or 3.
Resolution: 
1. Make sure the clock connected to the debug hub (dbg_hub) core is a free running clock and is active OR
2. Manually launch hw_server with -e "set xsdb-user-bscan <C_USER_SCAN_CHAIN scan_chain_number>" to detect the debug hub at User Scan Chain of 2 or 4. To determine the user scan chain setting, open the implemented design and use: get_property C_USER_SCAN_CHAIN [get_debug_cores dbg_hub].
reset_run impl_1 -prev_step 
launch_runs impl_1 -to_step write_bitstream
[Wed Jun 05 02:14:45 2019] Launched impl_1...
Run output will be captured here: C:/Users/yizii/Desktop/yzh/OrginalPongZyboSpring2019/OriginalPongZyboSpring2019.runs/impl_1/runme.log
refresh_hw_device [lindex [get_hw_devices] 1]
INFO: [Labtools 27-1434] Device xc7z010 (JTAG device index = 1) is programmed with a design that has no supported debug core(s) in it.
WARNING: [Labtools 27-3123] The debug hub core was not detected at User Scan Chain 1 or 3.
Resolution: 
1. Make sure the clock connected to the debug hub (dbg_hub) core is a free running clock and is active OR
2. Manually launch hw_server with -e "set xsdb-user-bscan <C_USER_SCAN_CHAIN scan_chain_number>" to detect the debug hub at User Scan Chain of 2 or 4. To determine the user scan chain setting, open the implemented design and use: get_property C_USER_SCAN_CHAIN [get_debug_cores dbg_hub].
ERROR: [Labtools 27-3175] Target jsn-Zybo-210279654348A is no longer available.
Please use disconnect_hw_server to close the current server connection. Check cable connectivity and that the target board is powered up.
Restart the hw_server application running on host localhost, port 3121 and then use connect_hw_server to re-establish connection to target.
close_hw_target
INFO: [Labtoolstcl 44-464] Closing hw_target localhost:3121/xilinx_tcf/Digilent/210279654348A
refresh_hw_device [lindex [get_hw_devices] 1]
INFO: [Labtools 27-1435] Device xc7z010 (JTAG device index = 1) is not programmed (DONE status = 0).
set_property PROBES.FILE {} [lindex [get_hw_devices] 1]
set_property PROGRAM.FILE {C:/Users/yizii/Desktop/yzh/OrginalPongZyboSpring2019/OriginalPongZyboSpring2019.runs/impl_1/pongZybo2019spring.bit} [lindex [get_hw_devices] 1]
program_hw_devices [lindex [get_hw_devices] 1]
INFO: [Labtools 27-3164] End of startup status: HIGH
refresh_hw_device [lindex [get_hw_devices] 1]
INFO: [Labtools 27-1434] Device xc7z010 (JTAG device index = 1) is programmed with a design that has no supported debug core(s) in it.
WARNING: [Labtools 27-3123] The debug hub core was not detected at User Scan Chain 1 or 3.
Resolution: 
1. Make sure the clock connected to the debug hub (dbg_hub) core is a free running clock and is active OR
2. Manually launch hw_server with -e "set xsdb-user-bscan <C_USER_SCAN_CHAIN scan_chain_number>" to detect the debug hub at User Scan Chain of 2 or 4. To determine the user scan chain setting, open the implemented design and use: get_property C_USER_SCAN_CHAIN [get_debug_cores dbg_hub].
reset_run impl_1 -prev_step 
launch_runs impl_1 -to_step write_bitstream
WARNING: [Vivado 12-872] Run step 'Design Initialization' is out-of-date.
[Wed Jun 05 02:16:30 2019] Launched impl_1...
Run output will be captured here: C:/Users/yizii/Desktop/yzh/OrginalPongZyboSpring2019/OriginalPongZyboSpring2019.runs/impl_1/runme.log
set_property PROBES.FILE {} [lindex [get_hw_devices] 1]
set_property PROGRAM.FILE {C:/Users/yizii/Desktop/yzh/OrginalPongZyboSpring2019/OriginalPongZyboSpring2019.runs/impl_1/pongZybo2019spring.bit} [lindex [get_hw_devices] 1]
program_hw_devices [lindex [get_hw_devices] 1]
INFO: [Labtools 27-3164] End of startup status: HIGH
refresh_hw_device [lindex [get_hw_devices] 1]
INFO: [Labtools 27-1434] Device xc7z010 (JTAG device index = 1) is programmed with a design that has no supported debug core(s) in it.
WARNING: [Labtools 27-3123] The debug hub core was not detected at User Scan Chain 1 or 3.
Resolution: 
1. Make sure the clock connected to the debug hub (dbg_hub) core is a free running clock and is active OR
2. Manually launch hw_server with -e "set xsdb-user-bscan <C_USER_SCAN_CHAIN scan_chain_number>" to detect the debug hub at User Scan Chain of 2 or 4. To determine the user scan chain setting, open the implemented design and use: get_property C_USER_SCAN_CHAIN [get_debug_cores dbg_hub].
reset_run synth_1
launch_runs impl_1 -to_step write_bitstream
[Wed Jun 05 02:18:23 2019] Launched synth_1...
Run output will be captured here: C:/Users/yizii/Desktop/yzh/OrginalPongZyboSpring2019/OriginalPongZyboSpring2019.runs/synth_1/runme.log
[Wed Jun 05 02:18:23 2019] Launched impl_1...
Run output will be captured here: C:/Users/yizii/Desktop/yzh/OrginalPongZyboSpring2019/OriginalPongZyboSpring2019.runs/impl_1/runme.log
set_property PROBES.FILE {} [lindex [get_hw_devices] 1]
set_property PROGRAM.FILE {C:/Users/yizii/Desktop/yzh/OrginalPongZyboSpring2019/OriginalPongZyboSpring2019.runs/impl_1/pongZybo2019spring.bit} [lindex [get_hw_devices] 1]
program_hw_devices [lindex [get_hw_devices] 1]
INFO: [Labtools 27-3164] End of startup status: HIGH
refresh_hw_device [lindex [get_hw_devices] 1]
INFO: [Labtools 27-1434] Device xc7z010 (JTAG device index = 1) is programmed with a design that has no supported debug core(s) in it.
WARNING: [Labtools 27-3123] The debug hub core was not detected at User Scan Chain 1 or 3.
Resolution: 
1. Make sure the clock connected to the debug hub (dbg_hub) core is a free running clock and is active OR
2. Manually launch hw_server with -e "set xsdb-user-bscan <C_USER_SCAN_CHAIN scan_chain_number>" to detect the debug hub at User Scan Chain of 2 or 4. To determine the user scan chain setting, open the implemented design and use: get_property C_USER_SCAN_CHAIN [get_debug_cores dbg_hub].
reset_run impl_1 -prev_step 
launch_runs impl_1 -to_step write_bitstream
WARNING: [Vivado 12-872] Run step 'Design Initialization' is out-of-date.
[Wed Jun 05 02:21:37 2019] Launched impl_1...
Run output will be captured here: C:/Users/yizii/Desktop/yzh/OrginalPongZyboSpring2019/OriginalPongZyboSpring2019.runs/impl_1/runme.log
set_property PROBES.FILE {} [lindex [get_hw_devices] 1]
set_property PROGRAM.FILE {C:/Users/yizii/Desktop/yzh/OrginalPongZyboSpring2019/OriginalPongZyboSpring2019.runs/impl_1/pongZybo2019spring.bit} [lindex [get_hw_devices] 1]
program_hw_devices [lindex [get_hw_devices] 1]
INFO: [Labtools 27-3164] End of startup status: HIGH
refresh_hw_device [lindex [get_hw_devices] 1]
INFO: [Labtools 27-1434] Device xc7z010 (JTAG device index = 1) is programmed with a design that has no supported debug core(s) in it.
WARNING: [Labtools 27-3123] The debug hub core was not detected at User Scan Chain 1 or 3.
Resolution: 
1. Make sure the clock connected to the debug hub (dbg_hub) core is a free running clock and is active OR
2. Manually launch hw_server with -e "set xsdb-user-bscan <C_USER_SCAN_CHAIN scan_chain_number>" to detect the debug hub at User Scan Chain of 2 or 4. To determine the user scan chain setting, open the implemented design and use: get_property C_USER_SCAN_CHAIN [get_debug_cores dbg_hub].
reset_run synth_1
launch_runs impl_1 -to_step write_bitstream
[Wed Jun 05 02:23:03 2019] Launched synth_1...
Run output will be captured here: C:/Users/yizii/Desktop/yzh/OrginalPongZyboSpring2019/OriginalPongZyboSpring2019.runs/synth_1/runme.log
[Wed Jun 05 02:23:03 2019] Launched impl_1...
Run output will be captured here: C:/Users/yizii/Desktop/yzh/OrginalPongZyboSpring2019/OriginalPongZyboSpring2019.runs/impl_1/runme.log
reset_run impl_1 -noclean_dir 
launch_runs impl_1 -to_step write_bitstream
[Wed Jun 05 02:24:01 2019] Launched impl_1...
Run output will be captured here: C:/Users/yizii/Desktop/yzh/OrginalPongZyboSpring2019/OriginalPongZyboSpring2019.runs/impl_1/runme.log
reset_run impl_1 -prev_step 
reset_run synth_1
launch_runs impl_1 -to_step write_bitstream
[Wed Jun 05 02:25:17 2019] Launched synth_1...
Run output will be captured here: C:/Users/yizii/Desktop/yzh/OrginalPongZyboSpring2019/OriginalPongZyboSpring2019.runs/synth_1/runme.log
[Wed Jun 05 02:25:17 2019] Launched impl_1...
Run output will be captured here: C:/Users/yizii/Desktop/yzh/OrginalPongZyboSpring2019/OriginalPongZyboSpring2019.runs/impl_1/runme.log
set_property PROBES.FILE {} [lindex [get_hw_devices] 1]
set_property PROGRAM.FILE {C:/Users/yizii/Desktop/yzh/OrginalPongZyboSpring2019/OriginalPongZyboSpring2019.runs/impl_1/pongZybo2019spring.bit} [lindex [get_hw_devices] 1]
program_hw_devices [lindex [get_hw_devices] 1]
INFO: [Labtools 27-3164] End of startup status: HIGH
refresh_hw_device [lindex [get_hw_devices] 1]
INFO: [Labtools 27-1434] Device xc7z010 (JTAG device index = 1) is programmed with a design that has no supported debug core(s) in it.
WARNING: [Labtools 27-3123] The debug hub core was not detected at User Scan Chain 1 or 3.
Resolution: 
1. Make sure the clock connected to the debug hub (dbg_hub) core is a free running clock and is active OR
2. Manually launch hw_server with -e "set xsdb-user-bscan <C_USER_SCAN_CHAIN scan_chain_number>" to detect the debug hub at User Scan Chain of 2 or 4. To determine the user scan chain setting, open the implemented design and use: get_property C_USER_SCAN_CHAIN [get_debug_cores dbg_hub].
reset_run impl_1 -prev_step 
launch_runs impl_1 -to_step write_bitstream
WARNING: [Vivado 12-872] Run step 'Design Initialization' is out-of-date.
[Wed Jun 05 02:32:25 2019] Launched impl_1...
Run output will be captured here: C:/Users/yizii/Desktop/yzh/OrginalPongZyboSpring2019/OriginalPongZyboSpring2019.runs/impl_1/runme.log
set_property PROBES.FILE {} [lindex [get_hw_devices] 1]
set_property PROGRAM.FILE {C:/Users/yizii/Desktop/yzh/OrginalPongZyboSpring2019/OriginalPongZyboSpring2019.runs/impl_1/pongZybo2019spring.bit} [lindex [get_hw_devices] 1]
program_hw_devices [lindex [get_hw_devices] 1]
INFO: [Labtools 27-3164] End of startup status: HIGH
refresh_hw_device [lindex [get_hw_devices] 1]
INFO: [Labtools 27-1434] Device xc7z010 (JTAG device index = 1) is programmed with a design that has no supported debug core(s) in it.
WARNING: [Labtools 27-3123] The debug hub core was not detected at User Scan Chain 1 or 3.
Resolution: 
1. Make sure the clock connected to the debug hub (dbg_hub) core is a free running clock and is active OR
2. Manually launch hw_server with -e "set xsdb-user-bscan <C_USER_SCAN_CHAIN scan_chain_number>" to detect the debug hub at User Scan Chain of 2 or 4. To determine the user scan chain setting, open the implemented design and use: get_property C_USER_SCAN_CHAIN [get_debug_cores dbg_hub].
reset_run synth_1
launch_runs impl_1 -to_step write_bitstream
[Wed Jun 05 02:34:46 2019] Launched synth_1...
Run output will be captured here: C:/Users/yizii/Desktop/yzh/OrginalPongZyboSpring2019/OriginalPongZyboSpring2019.runs/synth_1/runme.log
[Wed Jun 05 02:34:46 2019] Launched impl_1...
Run output will be captured here: C:/Users/yizii/Desktop/yzh/OrginalPongZyboSpring2019/OriginalPongZyboSpring2019.runs/impl_1/runme.log
set_property PROBES.FILE {} [lindex [get_hw_devices] 1]
set_property PROGRAM.FILE {C:/Users/yizii/Desktop/yzh/OrginalPongZyboSpring2019/OriginalPongZyboSpring2019.runs/impl_1/pongZybo2019spring.bit} [lindex [get_hw_devices] 1]
program_hw_devices [lindex [get_hw_devices] 1]
INFO: [Labtools 27-3164] End of startup status: HIGH
refresh_hw_device [lindex [get_hw_devices] 1]
INFO: [Labtools 27-1434] Device xc7z010 (JTAG device index = 1) is programmed with a design that has no supported debug core(s) in it.
WARNING: [Labtools 27-3123] The debug hub core was not detected at User Scan Chain 1 or 3.
Resolution: 
1. Make sure the clock connected to the debug hub (dbg_hub) core is a free running clock and is active OR
2. Manually launch hw_server with -e "set xsdb-user-bscan <C_USER_SCAN_CHAIN scan_chain_number>" to detect the debug hub at User Scan Chain of 2 or 4. To determine the user scan chain setting, open the implemented design and use: get_property C_USER_SCAN_CHAIN [get_debug_cores dbg_hub].
reset_run impl_1 -prev_step 
launch_runs impl_1 -to_step write_bitstream
WARNING: [Vivado 12-872] Run step 'Design Initialization' is out-of-date.
[Wed Jun 05 02:40:20 2019] Launched impl_1...
Run output will be captured here: C:/Users/yizii/Desktop/yzh/OrginalPongZyboSpring2019/OriginalPongZyboSpring2019.runs/impl_1/runme.log
set_property PROBES.FILE {} [lindex [get_hw_devices] 1]
set_property PROGRAM.FILE {C:/Users/yizii/Desktop/yzh/OrginalPongZyboSpring2019/OriginalPongZyboSpring2019.runs/impl_1/pongZybo2019spring.bit} [lindex [get_hw_devices] 1]
program_hw_devices [lindex [get_hw_devices] 1]
INFO: [Labtools 27-3164] End of startup status: HIGH
refresh_hw_device [lindex [get_hw_devices] 1]
INFO: [Labtools 27-1434] Device xc7z010 (JTAG device index = 1) is programmed with a design that has no supported debug core(s) in it.
WARNING: [Labtools 27-3123] The debug hub core was not detected at User Scan Chain 1 or 3.
Resolution: 
1. Make sure the clock connected to the debug hub (dbg_hub) core is a free running clock and is active OR
2. Manually launch hw_server with -e "set xsdb-user-bscan <C_USER_SCAN_CHAIN scan_chain_number>" to detect the debug hub at User Scan Chain of 2 or 4. To determine the user scan chain setting, open the implemented design and use: get_property C_USER_SCAN_CHAIN [get_debug_cores dbg_hub].
reset_run synth_1
launch_runs impl_1 -to_step write_bitstream
[Wed Jun 05 02:41:44 2019] Launched synth_1...
Run output will be captured here: C:/Users/yizii/Desktop/yzh/OrginalPongZyboSpring2019/OriginalPongZyboSpring2019.runs/synth_1/runme.log
[Wed Jun 05 02:41:44 2019] Launched impl_1...
Run output will be captured here: C:/Users/yizii/Desktop/yzh/OrginalPongZyboSpring2019/OriginalPongZyboSpring2019.runs/impl_1/runme.log
set_property PROBES.FILE {} [lindex [get_hw_devices] 1]
set_property PROGRAM.FILE {C:/Users/yizii/Desktop/yzh/OrginalPongZyboSpring2019/OriginalPongZyboSpring2019.runs/impl_1/pongZybo2019spring.bit} [lindex [get_hw_devices] 1]
program_hw_devices [lindex [get_hw_devices] 1]
INFO: [Labtools 27-3164] End of startup status: HIGH
refresh_hw_device [lindex [get_hw_devices] 1]
INFO: [Labtools 27-1434] Device xc7z010 (JTAG device index = 1) is programmed with a design that has no supported debug core(s) in it.
WARNING: [Labtools 27-3123] The debug hub core was not detected at User Scan Chain 1 or 3.
Resolution: 
1. Make sure the clock connected to the debug hub (dbg_hub) core is a free running clock and is active OR
2. Manually launch hw_server with -e "set xsdb-user-bscan <C_USER_SCAN_CHAIN scan_chain_number>" to detect the debug hub at User Scan Chain of 2 or 4. To determine the user scan chain setting, open the implemented design and use: get_property C_USER_SCAN_CHAIN [get_debug_cores dbg_hub].
reset_run impl_1 -prev_step 
launch_runs impl_1 -to_step write_bitstream
WARNING: [Vivado 12-872] Run step 'Design Initialization' is out-of-date.
[Wed Jun 05 02:48:01 2019] Launched impl_1...
Run output will be captured here: C:/Users/yizii/Desktop/yzh/OrginalPongZyboSpring2019/OriginalPongZyboSpring2019.runs/impl_1/runme.log
set_property PROBES.FILE {} [lindex [get_hw_devices] 1]
set_property PROGRAM.FILE {C:/Users/yizii/Desktop/yzh/OrginalPongZyboSpring2019/OriginalPongZyboSpring2019.runs/impl_1/pongZybo2019spring.bit} [lindex [get_hw_devices] 1]
program_hw_devices [lindex [get_hw_devices] 1]
INFO: [Labtools 27-3164] End of startup status: HIGH
refresh_hw_device [lindex [get_hw_devices] 1]
INFO: [Labtools 27-1434] Device xc7z010 (JTAG device index = 1) is programmed with a design that has no supported debug core(s) in it.
WARNING: [Labtools 27-3123] The debug hub core was not detected at User Scan Chain 1 or 3.
Resolution: 
1. Make sure the clock connected to the debug hub (dbg_hub) core is a free running clock and is active OR
2. Manually launch hw_server with -e "set xsdb-user-bscan <C_USER_SCAN_CHAIN scan_chain_number>" to detect the debug hub at User Scan Chain of 2 or 4. To determine the user scan chain setting, open the implemented design and use: get_property C_USER_SCAN_CHAIN [get_debug_cores dbg_hub].
reset_run synth_1
launch_runs impl_1 -to_step write_bitstream
[Wed Jun 05 02:48:53 2019] Launched synth_1...
Run output will be captured here: C:/Users/yizii/Desktop/yzh/OrginalPongZyboSpring2019/OriginalPongZyboSpring2019.runs/synth_1/runme.log
[Wed Jun 05 02:48:53 2019] Launched impl_1...
Run output will be captured here: C:/Users/yizii/Desktop/yzh/OrginalPongZyboSpring2019/OriginalPongZyboSpring2019.runs/impl_1/runme.log
set_property PROBES.FILE {} [lindex [get_hw_devices] 1]
set_property PROGRAM.FILE {C:/Users/yizii/Desktop/yzh/OrginalPongZyboSpring2019/OriginalPongZyboSpring2019.runs/impl_1/pongZybo2019spring.bit} [lindex [get_hw_devices] 1]
program_hw_devices [lindex [get_hw_devices] 1]
INFO: [Labtools 27-3164] End of startup status: HIGH
refresh_hw_device [lindex [get_hw_devices] 1]
INFO: [Labtools 27-1434] Device xc7z010 (JTAG device index = 1) is programmed with a design that has no supported debug core(s) in it.
WARNING: [Labtools 27-3123] The debug hub core was not detected at User Scan Chain 1 or 3.
Resolution: 
1. Make sure the clock connected to the debug hub (dbg_hub) core is a free running clock and is active OR
2. Manually launch hw_server with -e "set xsdb-user-bscan <C_USER_SCAN_CHAIN scan_chain_number>" to detect the debug hub at User Scan Chain of 2 or 4. To determine the user scan chain setting, open the implemented design and use: get_property C_USER_SCAN_CHAIN [get_debug_cores dbg_hub].
reset_run impl_1 -prev_step 
launch_runs impl_1 -to_step write_bitstream
WARNING: [Vivado 12-872] Run step 'Design Initialization' is out-of-date.
[Wed Jun 05 02:51:27 2019] Launched impl_1...
Run output will be captured here: C:/Users/yizii/Desktop/yzh/OrginalPongZyboSpring2019/OriginalPongZyboSpring2019.runs/impl_1/runme.log
set_property PROBES.FILE {} [lindex [get_hw_devices] 1]
set_property PROGRAM.FILE {C:/Users/yizii/Desktop/yzh/OrginalPongZyboSpring2019/OriginalPongZyboSpring2019.runs/impl_1/pongZybo2019spring.bit} [lindex [get_hw_devices] 1]
program_hw_devices [lindex [get_hw_devices] 1]
INFO: [Labtools 27-3164] End of startup status: HIGH
refresh_hw_device [lindex [get_hw_devices] 1]
INFO: [Labtools 27-1434] Device xc7z010 (JTAG device index = 1) is programmed with a design that has no supported debug core(s) in it.
WARNING: [Labtools 27-3123] The debug hub core was not detected at User Scan Chain 1 or 3.
Resolution: 
1. Make sure the clock connected to the debug hub (dbg_hub) core is a free running clock and is active OR
2. Manually launch hw_server with -e "set xsdb-user-bscan <C_USER_SCAN_CHAIN scan_chain_number>" to detect the debug hub at User Scan Chain of 2 or 4. To determine the user scan chain setting, open the implemented design and use: get_property C_USER_SCAN_CHAIN [get_debug_cores dbg_hub].
reset_run synth_1
launch_runs impl_1 -to_step write_bitstream
[Wed Jun 05 02:52:24 2019] Launched synth_1...
Run output will be captured here: C:/Users/yizii/Desktop/yzh/OrginalPongZyboSpring2019/OriginalPongZyboSpring2019.runs/synth_1/runme.log
[Wed Jun 05 02:52:24 2019] Launched impl_1...
Run output will be captured here: C:/Users/yizii/Desktop/yzh/OrginalPongZyboSpring2019/OriginalPongZyboSpring2019.runs/impl_1/runme.log
set_property PROBES.FILE {} [lindex [get_hw_devices] 1]
set_property PROGRAM.FILE {C:/Users/yizii/Desktop/yzh/OrginalPongZyboSpring2019/OriginalPongZyboSpring2019.runs/impl_1/pongZybo2019spring.bit} [lindex [get_hw_devices] 1]
program_hw_devices [lindex [get_hw_devices] 1]
INFO: [Labtools 27-3164] End of startup status: HIGH
refresh_hw_device [lindex [get_hw_devices] 1]
INFO: [Labtools 27-1434] Device xc7z010 (JTAG device index = 1) is programmed with a design that has no supported debug core(s) in it.
WARNING: [Labtools 27-3123] The debug hub core was not detected at User Scan Chain 1 or 3.
Resolution: 
1. Make sure the clock connected to the debug hub (dbg_hub) core is a free running clock and is active OR
2. Manually launch hw_server with -e "set xsdb-user-bscan <C_USER_SCAN_CHAIN scan_chain_number>" to detect the debug hub at User Scan Chain of 2 or 4. To determine the user scan chain setting, open the implemented design and use: get_property C_USER_SCAN_CHAIN [get_debug_cores dbg_hub].
reset_run impl_1 -prev_step 
launch_runs impl_1 -to_step write_bitstream
WARNING: [Vivado 12-872] Run step 'Design Initialization' is out-of-date.
[Wed Jun 05 03:01:12 2019] Launched impl_1...
Run output will be captured here: C:/Users/yizii/Desktop/yzh/OrginalPongZyboSpring2019/OriginalPongZyboSpring2019.runs/impl_1/runme.log
set_property PROBES.FILE {} [lindex [get_hw_devices] 1]
set_property PROGRAM.FILE {C:/Users/yizii/Desktop/yzh/OrginalPongZyboSpring2019/OriginalPongZyboSpring2019.runs/impl_1/pongZybo2019spring.bit} [lindex [get_hw_devices] 1]
program_hw_devices [lindex [get_hw_devices] 1]
INFO: [Labtools 27-3164] End of startup status: HIGH
refresh_hw_device [lindex [get_hw_devices] 1]
INFO: [Labtools 27-1434] Device xc7z010 (JTAG device index = 1) is programmed with a design that has no supported debug core(s) in it.
WARNING: [Labtools 27-3123] The debug hub core was not detected at User Scan Chain 1 or 3.
Resolution: 
1. Make sure the clock connected to the debug hub (dbg_hub) core is a free running clock and is active OR
2. Manually launch hw_server with -e "set xsdb-user-bscan <C_USER_SCAN_CHAIN scan_chain_number>" to detect the debug hub at User Scan Chain of 2 or 4. To determine the user scan chain setting, open the implemented design and use: get_property C_USER_SCAN_CHAIN [get_debug_cores dbg_hub].
reset_run synth_1
launch_runs impl_1 -to_step write_bitstream
[Wed Jun 05 03:02:07 2019] Launched synth_1...
Run output will be captured here: C:/Users/yizii/Desktop/yzh/OrginalPongZyboSpring2019/OriginalPongZyboSpring2019.runs/synth_1/runme.log
[Wed Jun 05 03:02:07 2019] Launched impl_1...
Run output will be captured here: C:/Users/yizii/Desktop/yzh/OrginalPongZyboSpring2019/OriginalPongZyboSpring2019.runs/impl_1/runme.log
reset_run synth_1
launch_runs impl_1 -to_step write_bitstream
[Wed Jun 05 03:03:28 2019] Launched synth_1...
Run output will be captured here: C:/Users/yizii/Desktop/yzh/OrginalPongZyboSpring2019/OriginalPongZyboSpring2019.runs/synth_1/runme.log
[Wed Jun 05 03:03:28 2019] Launched impl_1...
Run output will be captured here: C:/Users/yizii/Desktop/yzh/OrginalPongZyboSpring2019/OriginalPongZyboSpring2019.runs/impl_1/runme.log
set_property PROBES.FILE {} [lindex [get_hw_devices] 1]
set_property PROGRAM.FILE {C:/Users/yizii/Desktop/yzh/OrginalPongZyboSpring2019/OriginalPongZyboSpring2019.runs/impl_1/pongZybo2019spring.bit} [lindex [get_hw_devices] 1]
program_hw_devices [lindex [get_hw_devices] 1]
INFO: [Labtools 27-3164] End of startup status: HIGH
refresh_hw_device [lindex [get_hw_devices] 1]
INFO: [Labtools 27-1434] Device xc7z010 (JTAG device index = 1) is programmed with a design that has no supported debug core(s) in it.
WARNING: [Labtools 27-3123] The debug hub core was not detected at User Scan Chain 1 or 3.
Resolution: 
1. Make sure the clock connected to the debug hub (dbg_hub) core is a free running clock and is active OR
2. Manually launch hw_server with -e "set xsdb-user-bscan <C_USER_SCAN_CHAIN scan_chain_number>" to detect the debug hub at User Scan Chain of 2 or 4. To determine the user scan chain setting, open the implemented design and use: get_property C_USER_SCAN_CHAIN [get_debug_cores dbg_hub].
reset_run impl_1 -prev_step 
launch_runs impl_1 -to_step write_bitstream
WARNING: [Vivado 12-872] Run step 'Design Initialization' is out-of-date.
[Wed Jun 05 03:06:02 2019] Launched impl_1...
Run output will be captured here: C:/Users/yizii/Desktop/yzh/OrginalPongZyboSpring2019/OriginalPongZyboSpring2019.runs/impl_1/runme.log
reset_run impl_1 -prev_step 
WARNING: [Vivado 12-1017] Problems encountered:
1. PID not specified

reset_run synth_1
launch_runs impl_1 -to_step write_bitstream
[Wed Jun 05 03:06:11 2019] Launched synth_1...
Run output will be captured here: C:/Users/yizii/Desktop/yzh/OrginalPongZyboSpring2019/OriginalPongZyboSpring2019.runs/synth_1/runme.log
[Wed Jun 05 03:06:11 2019] Launched impl_1...
Run output will be captured here: C:/Users/yizii/Desktop/yzh/OrginalPongZyboSpring2019/OriginalPongZyboSpring2019.runs/impl_1/runme.log
reset_run synth_1
WARNING: [Vivado 12-1017] Problems encountered:
1. PID not specified

launch_runs impl_1 -to_step write_bitstream
[Wed Jun 05 03:07:42 2019] Launched synth_1...
Run output will be captured here: C:/Users/yizii/Desktop/yzh/OrginalPongZyboSpring2019/OriginalPongZyboSpring2019.runs/synth_1/runme.log
[Wed Jun 05 03:07:42 2019] Launched impl_1...
Run output will be captured here: C:/Users/yizii/Desktop/yzh/OrginalPongZyboSpring2019/OriginalPongZyboSpring2019.runs/impl_1/runme.log
reset_run synth_1
launch_runs impl_1 -to_step write_bitstream
[Wed Jun 05 03:09:13 2019] Launched synth_1...
Run output will be captured here: C:/Users/yizii/Desktop/yzh/OrginalPongZyboSpring2019/OriginalPongZyboSpring2019.runs/synth_1/runme.log
[Wed Jun 05 03:09:13 2019] Launched impl_1...
Run output will be captured here: C:/Users/yizii/Desktop/yzh/OrginalPongZyboSpring2019/OriginalPongZyboSpring2019.runs/impl_1/runme.log
ERROR: [Labtools 27-3175] Target jsn-Zybo-210279654348A is no longer available.
Please use disconnect_hw_server to close the current server connection. Check cable connectivity and that the target board is powered up.
Restart the hw_server application running on host localhost, port 3121 and then use connect_hw_server to re-establish connection to target.
close_hw_target
INFO: [Labtoolstcl 44-464] Closing hw_target localhost:3121/xilinx_tcf/Digilent/210279654348A
disconnect_hw_server localhost:3121
connect_hw_server -url localhost:3121
INFO: [Labtools 27-2285] Connecting to hw_server url TCP:localhost:3121
current_hw_target [get_hw_targets */xilinx_tcf/Digilent/210279654348A]
set_property PARAM.FREQUENCY 15000000 [get_hw_targets */xilinx_tcf/Digilent/210279654348A]
open_hw_target
INFO: [Labtoolstcl 44-466] Opening hw_target localhost:3121/xilinx_tcf/Digilent/210279654348A
set_property PROGRAM.FILE {C:/Users/yizii/Desktop/yzh/OrginalPongZyboSpring2019/OriginalPongZyboSpring2019.runs/impl_1/pongZybo2019spring.bit} [lindex [get_hw_devices] 1]
current_hw_device [lindex [get_hw_devices] 1]
refresh_hw_device -update_hw_probes false [lindex [get_hw_devices] 1]
INFO: [Labtools 27-1435] Device xc7z010 (JTAG device index = 1) is not programmed (DONE status = 0).
set_property PROBES.FILE {} [lindex [get_hw_devices] 1]
set_property PROGRAM.FILE {C:/Users/yizii/Desktop/yzh/OrginalPongZyboSpring2019/OriginalPongZyboSpring2019.runs/impl_1/pongZybo2019spring.bit} [lindex [get_hw_devices] 1]
program_hw_devices [lindex [get_hw_devices] 1]
INFO: [Labtools 27-3164] End of startup status: HIGH
refresh_hw_device [lindex [get_hw_devices] 1]
INFO: [Labtools 27-1434] Device xc7z010 (JTAG device index = 1) is programmed with a design that has no supported debug core(s) in it.
WARNING: [Labtools 27-3123] The debug hub core was not detected at User Scan Chain 1 or 3.
Resolution: 
1. Make sure the clock connected to the debug hub (dbg_hub) core is a free running clock and is active OR
2. Manually launch hw_server with -e "set xsdb-user-bscan <C_USER_SCAN_CHAIN scan_chain_number>" to detect the debug hub at User Scan Chain of 2 or 4. To determine the user scan chain setting, open the implemented design and use: get_property C_USER_SCAN_CHAIN [get_debug_cores dbg_hub].
reset_run impl_1 -prev_step 
launch_runs impl_1 -to_step write_bitstream
WARNING: [Vivado 12-872] Run step 'Design Initialization' is out-of-date.
[Wed Jun 05 03:15:07 2019] Launched impl_1...
Run output will be captured here: C:/Users/yizii/Desktop/yzh/OrginalPongZyboSpring2019/OriginalPongZyboSpring2019.runs/impl_1/runme.log
set_property PROBES.FILE {} [lindex [get_hw_devices] 1]
set_property PROGRAM.FILE {C:/Users/yizii/Desktop/yzh/OrginalPongZyboSpring2019/OriginalPongZyboSpring2019.runs/impl_1/pongZybo2019spring.bit} [lindex [get_hw_devices] 1]
program_hw_devices [lindex [get_hw_devices] 1]
INFO: [Labtools 27-3164] End of startup status: HIGH
refresh_hw_device [lindex [get_hw_devices] 1]
INFO: [Labtools 27-1434] Device xc7z010 (JTAG device index = 1) is programmed with a design that has no supported debug core(s) in it.
WARNING: [Labtools 27-3123] The debug hub core was not detected at User Scan Chain 1 or 3.
Resolution: 
1. Make sure the clock connected to the debug hub (dbg_hub) core is a free running clock and is active OR
2. Manually launch hw_server with -e "set xsdb-user-bscan <C_USER_SCAN_CHAIN scan_chain_number>" to detect the debug hub at User Scan Chain of 2 or 4. To determine the user scan chain setting, open the implemented design and use: get_property C_USER_SCAN_CHAIN [get_debug_cores dbg_hub].
reset_run synth_1
launch_runs impl_1 -to_step write_bitstream
[Wed Jun 05 03:15:49 2019] Launched synth_1...
Run output will be captured here: C:/Users/yizii/Desktop/yzh/OrginalPongZyboSpring2019/OriginalPongZyboSpring2019.runs/synth_1/runme.log
[Wed Jun 05 03:15:49 2019] Launched impl_1...
Run output will be captured here: C:/Users/yizii/Desktop/yzh/OrginalPongZyboSpring2019/OriginalPongZyboSpring2019.runs/impl_1/runme.log
reset_run synth_1
launch_runs impl_1 -to_step write_bitstream
[Wed Jun 05 03:17:34 2019] Launched synth_1...
Run output will be captured here: C:/Users/yizii/Desktop/yzh/OrginalPongZyboSpring2019/OriginalPongZyboSpring2019.runs/synth_1/runme.log
[Wed Jun 05 03:17:34 2019] Launched impl_1...
Run output will be captured here: C:/Users/yizii/Desktop/yzh/OrginalPongZyboSpring2019/OriginalPongZyboSpring2019.runs/impl_1/runme.log
reset_run synth_1
launch_runs impl_1 -to_step write_bitstream
[Wed Jun 05 03:18:19 2019] Launched synth_1...
Run output will be captured here: C:/Users/yizii/Desktop/yzh/OrginalPongZyboSpring2019/OriginalPongZyboSpring2019.runs/synth_1/runme.log
[Wed Jun 05 03:18:19 2019] Launched impl_1...
Run output will be captured here: C:/Users/yizii/Desktop/yzh/OrginalPongZyboSpring2019/OriginalPongZyboSpring2019.runs/impl_1/runme.log
set_property PROBES.FILE {} [lindex [get_hw_devices] 1]
set_property PROGRAM.FILE {C:/Users/yizii/Desktop/yzh/OrginalPongZyboSpring2019/OriginalPongZyboSpring2019.runs/impl_1/pongZybo2019spring.bit} [lindex [get_hw_devices] 1]
program_hw_devices [lindex [get_hw_devices] 1]
INFO: [Labtools 27-3164] End of startup status: HIGH
refresh_hw_device [lindex [get_hw_devices] 1]
INFO: [Labtools 27-1434] Device xc7z010 (JTAG device index = 1) is programmed with a design that has no supported debug core(s) in it.
WARNING: [Labtools 27-3123] The debug hub core was not detected at User Scan Chain 1 or 3.
Resolution: 
1. Make sure the clock connected to the debug hub (dbg_hub) core is a free running clock and is active OR
2. Manually launch hw_server with -e "set xsdb-user-bscan <C_USER_SCAN_CHAIN scan_chain_number>" to detect the debug hub at User Scan Chain of 2 or 4. To determine the user scan chain setting, open the implemented design and use: get_property C_USER_SCAN_CHAIN [get_debug_cores dbg_hub].
reset_run impl_1 -prev_step 
launch_runs impl_1 -to_step write_bitstream
WARNING: [Vivado 12-872] Run step 'Design Initialization' is out-of-date.
[Wed Jun 05 03:27:03 2019] Launched impl_1...
Run output will be captured here: C:/Users/yizii/Desktop/yzh/OrginalPongZyboSpring2019/OriginalPongZyboSpring2019.runs/impl_1/runme.log
set_property PROBES.FILE {} [lindex [get_hw_devices] 1]
set_property PROGRAM.FILE {C:/Users/yizii/Desktop/yzh/OrginalPongZyboSpring2019/OriginalPongZyboSpring2019.runs/impl_1/pongZybo2019spring.bit} [lindex [get_hw_devices] 1]
program_hw_devices [lindex [get_hw_devices] 1]
INFO: [Labtools 27-3164] End of startup status: HIGH
refresh_hw_device [lindex [get_hw_devices] 1]
INFO: [Labtools 27-1434] Device xc7z010 (JTAG device index = 1) is programmed with a design that has no supported debug core(s) in it.
WARNING: [Labtools 27-3123] The debug hub core was not detected at User Scan Chain 1 or 3.
Resolution: 
1. Make sure the clock connected to the debug hub (dbg_hub) core is a free running clock and is active OR
2. Manually launch hw_server with -e "set xsdb-user-bscan <C_USER_SCAN_CHAIN scan_chain_number>" to detect the debug hub at User Scan Chain of 2 or 4. To determine the user scan chain setting, open the implemented design and use: get_property C_USER_SCAN_CHAIN [get_debug_cores dbg_hub].
reset_run synth_1
launch_runs impl_1 -to_step write_bitstream
[Wed Jun 05 03:28:10 2019] Launched synth_1...
Run output will be captured here: C:/Users/yizii/Desktop/yzh/OrginalPongZyboSpring2019/OriginalPongZyboSpring2019.runs/synth_1/runme.log
[Wed Jun 05 03:28:10 2019] Launched impl_1...
Run output will be captured here: C:/Users/yizii/Desktop/yzh/OrginalPongZyboSpring2019/OriginalPongZyboSpring2019.runs/impl_1/runme.log
set_property PROBES.FILE {} [lindex [get_hw_devices] 1]
set_property PROGRAM.FILE {C:/Users/yizii/Desktop/yzh/OrginalPongZyboSpring2019/OriginalPongZyboSpring2019.runs/impl_1/pongZybo2019spring.bit} [lindex [get_hw_devices] 1]
program_hw_devices [lindex [get_hw_devices] 1]
INFO: [Labtools 27-3164] End of startup status: HIGH
refresh_hw_device [lindex [get_hw_devices] 1]
INFO: [Labtools 27-1434] Device xc7z010 (JTAG device index = 1) is programmed with a design that has no supported debug core(s) in it.
WARNING: [Labtools 27-3123] The debug hub core was not detected at User Scan Chain 1 or 3.
Resolution: 
1. Make sure the clock connected to the debug hub (dbg_hub) core is a free running clock and is active OR
2. Manually launch hw_server with -e "set xsdb-user-bscan <C_USER_SCAN_CHAIN scan_chain_number>" to detect the debug hub at User Scan Chain of 2 or 4. To determine the user scan chain setting, open the implemented design and use: get_property C_USER_SCAN_CHAIN [get_debug_cores dbg_hub].
reset_run impl_1 -prev_step 
launch_runs impl_1 -to_step write_bitstream
WARNING: [Vivado 12-872] Run step 'Design Initialization' is out-of-date.
[Wed Jun 05 03:37:39 2019] Launched impl_1...
Run output will be captured here: C:/Users/yizii/Desktop/yzh/OrginalPongZyboSpring2019/OriginalPongZyboSpring2019.runs/impl_1/runme.log
reset_run synth_1
launch_runs impl_1 -to_step write_bitstream
[Wed Jun 05 03:38:17 2019] Launched synth_1...
Run output will be captured here: C:/Users/yizii/Desktop/yzh/OrginalPongZyboSpring2019/OriginalPongZyboSpring2019.runs/synth_1/runme.log
[Wed Jun 05 03:38:17 2019] Launched impl_1...
Run output will be captured here: C:/Users/yizii/Desktop/yzh/OrginalPongZyboSpring2019/OriginalPongZyboSpring2019.runs/impl_1/runme.log
reset_run synth_1
WARNING: [Vivado 12-1017] Problems encountered:
1. PID not specified

launch_runs impl_1 -to_step write_bitstream
[Wed Jun 05 03:39:08 2019] Launched synth_1...
Run output will be captured here: C:/Users/yizii/Desktop/yzh/OrginalPongZyboSpring2019/OriginalPongZyboSpring2019.runs/synth_1/runme.log
[Wed Jun 05 03:39:08 2019] Launched impl_1...
Run output will be captured here: C:/Users/yizii/Desktop/yzh/OrginalPongZyboSpring2019/OriginalPongZyboSpring2019.runs/impl_1/runme.log
reset_run impl_1 -prev_step 
launch_runs impl_1 -to_step write_bitstream
WARNING: [Vivado 12-872] Run step 'Design Initialization' is out-of-date.
[Wed Jun 05 03:40:51 2019] Launched impl_1...
Run output will be captured here: C:/Users/yizii/Desktop/yzh/OrginalPongZyboSpring2019/OriginalPongZyboSpring2019.runs/impl_1/runme.log
set_property PROBES.FILE {} [lindex [get_hw_devices] 1]
set_property PROGRAM.FILE {C:/Users/yizii/Desktop/yzh/OrginalPongZyboSpring2019/OriginalPongZyboSpring2019.runs/impl_1/pongZybo2019spring.bit} [lindex [get_hw_devices] 1]
program_hw_devices [lindex [get_hw_devices] 1]
INFO: [Labtools 27-3164] End of startup status: HIGH
refresh_hw_device [lindex [get_hw_devices] 1]
INFO: [Labtools 27-1434] Device xc7z010 (JTAG device index = 1) is programmed with a design that has no supported debug core(s) in it.
WARNING: [Labtools 27-3123] The debug hub core was not detected at User Scan Chain 1 or 3.
Resolution: 
1. Make sure the clock connected to the debug hub (dbg_hub) core is a free running clock and is active OR
2. Manually launch hw_server with -e "set xsdb-user-bscan <C_USER_SCAN_CHAIN scan_chain_number>" to detect the debug hub at User Scan Chain of 2 or 4. To determine the user scan chain setting, open the implemented design and use: get_property C_USER_SCAN_CHAIN [get_debug_cores dbg_hub].
reset_run synth_1
launch_runs impl_1 -to_step write_bitstream
[Wed Jun 05 03:41:45 2019] Launched synth_1...
Run output will be captured here: C:/Users/yizii/Desktop/yzh/OrginalPongZyboSpring2019/OriginalPongZyboSpring2019.runs/synth_1/runme.log
[Wed Jun 05 03:41:45 2019] Launched impl_1...
Run output will be captured here: C:/Users/yizii/Desktop/yzh/OrginalPongZyboSpring2019/OriginalPongZyboSpring2019.runs/impl_1/runme.log
set_property PROBES.FILE {} [lindex [get_hw_devices] 1]
set_property PROGRAM.FILE {C:/Users/yizii/Desktop/yzh/OrginalPongZyboSpring2019/OriginalPongZyboSpring2019.runs/impl_1/pongZybo2019spring.bit} [lindex [get_hw_devices] 1]
program_hw_devices [lindex [get_hw_devices] 1]
INFO: [Labtools 27-3164] End of startup status: HIGH
refresh_hw_device [lindex [get_hw_devices] 1]
INFO: [Labtools 27-1434] Device xc7z010 (JTAG device index = 1) is programmed with a design that has no supported debug core(s) in it.
WARNING: [Labtools 27-3123] The debug hub core was not detected at User Scan Chain 1 or 3.
Resolution: 
1. Make sure the clock connected to the debug hub (dbg_hub) core is a free running clock and is active OR
2. Manually launch hw_server with -e "set xsdb-user-bscan <C_USER_SCAN_CHAIN scan_chain_number>" to detect the debug hub at User Scan Chain of 2 or 4. To determine the user scan chain setting, open the implemented design and use: get_property C_USER_SCAN_CHAIN [get_debug_cores dbg_hub].
reset_run impl_1 -prev_step 
launch_runs impl_1 -to_step write_bitstream
WARNING: [Vivado 12-872] Run step 'Design Initialization' is out-of-date.
[Wed Jun 05 03:44:17 2019] Launched impl_1...
Run output will be captured here: C:/Users/yizii/Desktop/yzh/OrginalPongZyboSpring2019/OriginalPongZyboSpring2019.runs/impl_1/runme.log
set_property PROBES.FILE {} [lindex [get_hw_devices] 1]
set_property PROGRAM.FILE {C:/Users/yizii/Desktop/yzh/OrginalPongZyboSpring2019/OriginalPongZyboSpring2019.runs/impl_1/pongZybo2019spring.bit} [lindex [get_hw_devices] 1]
program_hw_devices [lindex [get_hw_devices] 1]
INFO: [Labtools 27-3164] End of startup status: HIGH
refresh_hw_device [lindex [get_hw_devices] 1]
INFO: [Labtools 27-1434] Device xc7z010 (JTAG device index = 1) is programmed with a design that has no supported debug core(s) in it.
WARNING: [Labtools 27-3123] The debug hub core was not detected at User Scan Chain 1 or 3.
Resolution: 
1. Make sure the clock connected to the debug hub (dbg_hub) core is a free running clock and is active OR
2. Manually launch hw_server with -e "set xsdb-user-bscan <C_USER_SCAN_CHAIN scan_chain_number>" to detect the debug hub at User Scan Chain of 2 or 4. To determine the user scan chain setting, open the implemented design and use: get_property C_USER_SCAN_CHAIN [get_debug_cores dbg_hub].
reset_run synth_1
launch_runs impl_1 -to_step write_bitstream
[Wed Jun 05 03:44:58 2019] Launched synth_1...
Run output will be captured here: C:/Users/yizii/Desktop/yzh/OrginalPongZyboSpring2019/OriginalPongZyboSpring2019.runs/synth_1/runme.log
[Wed Jun 05 03:44:58 2019] Launched impl_1...
Run output will be captured here: C:/Users/yizii/Desktop/yzh/OrginalPongZyboSpring2019/OriginalPongZyboSpring2019.runs/impl_1/runme.log
set_property PROBES.FILE {} [lindex [get_hw_devices] 1]
set_property PROGRAM.FILE {C:/Users/yizii/Desktop/yzh/OrginalPongZyboSpring2019/OriginalPongZyboSpring2019.runs/impl_1/pongZybo2019spring.bit} [lindex [get_hw_devices] 1]
program_hw_devices [lindex [get_hw_devices] 1]
INFO: [Labtools 27-3164] End of startup status: HIGH
refresh_hw_device [lindex [get_hw_devices] 1]
INFO: [Labtools 27-1434] Device xc7z010 (JTAG device index = 1) is programmed with a design that has no supported debug core(s) in it.
WARNING: [Labtools 27-3123] The debug hub core was not detected at User Scan Chain 1 or 3.
Resolution: 
1. Make sure the clock connected to the debug hub (dbg_hub) core is a free running clock and is active OR
2. Manually launch hw_server with -e "set xsdb-user-bscan <C_USER_SCAN_CHAIN scan_chain_number>" to detect the debug hub at User Scan Chain of 2 or 4. To determine the user scan chain setting, open the implemented design and use: get_property C_USER_SCAN_CHAIN [get_debug_cores dbg_hub].
reset_run impl_1 -prev_step 
launch_runs impl_1 -to_step write_bitstream
WARNING: [Vivado 12-872] Run step 'Design Initialization' is out-of-date.
[Wed Jun 05 03:47:10 2019] Launched impl_1...
Run output will be captured here: C:/Users/yizii/Desktop/yzh/OrginalPongZyboSpring2019/OriginalPongZyboSpring2019.runs/impl_1/runme.log
set_property PROBES.FILE {} [lindex [get_hw_devices] 1]
set_property PROGRAM.FILE {C:/Users/yizii/Desktop/yzh/OrginalPongZyboSpring2019/OriginalPongZyboSpring2019.runs/impl_1/pongZybo2019spring.bit} [lindex [get_hw_devices] 1]
program_hw_devices [lindex [get_hw_devices] 1]
INFO: [Labtools 27-3164] End of startup status: HIGH
refresh_hw_device [lindex [get_hw_devices] 1]
INFO: [Labtools 27-1434] Device xc7z010 (JTAG device index = 1) is programmed with a design that has no supported debug core(s) in it.
WARNING: [Labtools 27-3123] The debug hub core was not detected at User Scan Chain 1 or 3.
Resolution: 
1. Make sure the clock connected to the debug hub (dbg_hub) core is a free running clock and is active OR
2. Manually launch hw_server with -e "set xsdb-user-bscan <C_USER_SCAN_CHAIN scan_chain_number>" to detect the debug hub at User Scan Chain of 2 or 4. To determine the user scan chain setting, open the implemented design and use: get_property C_USER_SCAN_CHAIN [get_debug_cores dbg_hub].
reset_run synth_1
launch_runs impl_1 -to_step write_bitstream
[Wed Jun 05 03:47:49 2019] Launched synth_1...
Run output will be captured here: C:/Users/yizii/Desktop/yzh/OrginalPongZyboSpring2019/OriginalPongZyboSpring2019.runs/synth_1/runme.log
[Wed Jun 05 03:47:49 2019] Launched impl_1...
Run output will be captured here: C:/Users/yizii/Desktop/yzh/OrginalPongZyboSpring2019/OriginalPongZyboSpring2019.runs/impl_1/runme.log
set_property PROBES.FILE {} [lindex [get_hw_devices] 1]
set_property PROGRAM.FILE {C:/Users/yizii/Desktop/yzh/OrginalPongZyboSpring2019/OriginalPongZyboSpring2019.runs/impl_1/pongZybo2019spring.bit} [lindex [get_hw_devices] 1]
program_hw_devices [lindex [get_hw_devices] 1]
INFO: [Labtools 27-3164] End of startup status: HIGH
refresh_hw_device [lindex [get_hw_devices] 1]
INFO: [Labtools 27-1434] Device xc7z010 (JTAG device index = 1) is programmed with a design that has no supported debug core(s) in it.
WARNING: [Labtools 27-3123] The debug hub core was not detected at User Scan Chain 1 or 3.
Resolution: 
1. Make sure the clock connected to the debug hub (dbg_hub) core is a free running clock and is active OR
2. Manually launch hw_server with -e "set xsdb-user-bscan <C_USER_SCAN_CHAIN scan_chain_number>" to detect the debug hub at User Scan Chain of 2 or 4. To determine the user scan chain setting, open the implemented design and use: get_property C_USER_SCAN_CHAIN [get_debug_cores dbg_hub].
ERROR: [Labtools 27-3175] Target jsn-Zybo-210279654348A is no longer available.
Please use disconnect_hw_server to close the current server connection. Check cable connectivity and that the target board is powered up.
Restart the hw_server application running on host localhost, port 3121 and then use connect_hw_server to re-establish connection to target.
close_hw_target
INFO: [Labtoolstcl 44-464] Closing hw_target localhost:3121/xilinx_tcf/Digilent/210279654348A
disconnect_hw_server localhost:3121
connect_hw_server -url localhost:3121
INFO: [Labtools 27-2285] Connecting to hw_server url TCP:localhost:3121
current_hw_target [get_hw_targets */xilinx_tcf/Digilent/210279654348A]
set_property PARAM.FREQUENCY 15000000 [get_hw_targets */xilinx_tcf/Digilent/210279654348A]
open_hw_target
INFO: [Labtoolstcl 44-466] Opening hw_target localhost:3121/xilinx_tcf/Digilent/210279654348A
set_property PROGRAM.FILE {C:/Users/yizii/Desktop/yzh/OrginalPongZyboSpring2019/OriginalPongZyboSpring2019.runs/impl_1/pongZybo2019spring.bit} [lindex [get_hw_devices] 1]
current_hw_device [lindex [get_hw_devices] 1]
refresh_hw_device -update_hw_probes false [lindex [get_hw_devices] 1]
INFO: [Labtools 27-1435] Device xc7z010 (JTAG device index = 1) is not programmed (DONE status = 0).
set_property PROBES.FILE {} [lindex [get_hw_devices] 1]
set_property PROGRAM.FILE {C:/Users/yizii/Desktop/yzh/OrginalPongZyboSpring2019/OriginalPongZyboSpring2019.runs/impl_1/pongZybo2019spring.bit} [lindex [get_hw_devices] 1]
program_hw_devices [lindex [get_hw_devices] 1]
INFO: [Labtools 27-3164] End of startup status: HIGH
refresh_hw_device [lindex [get_hw_devices] 1]
INFO: [Labtools 27-1434] Device xc7z010 (JTAG device index = 1) is programmed with a design that has no supported debug core(s) in it.
WARNING: [Labtools 27-3123] The debug hub core was not detected at User Scan Chain 1 or 3.
Resolution: 
1. Make sure the clock connected to the debug hub (dbg_hub) core is a free running clock and is active OR
2. Manually launch hw_server with -e "set xsdb-user-bscan <C_USER_SCAN_CHAIN scan_chain_number>" to detect the debug hub at User Scan Chain of 2 or 4. To determine the user scan chain setting, open the implemented design and use: get_property C_USER_SCAN_CHAIN [get_debug_cores dbg_hub].
set_property PROBES.FILE {} [lindex [get_hw_devices] 1]
set_property PROGRAM.FILE {C:/Users/yizii/Desktop/yzh/OrginalPongZyboSpring2019/OriginalPongZyboSpring2019.runs/impl_1/pongZybo2019spring.bit} [lindex [get_hw_devices] 1]
program_hw_devices [lindex [get_hw_devices] 1]
INFO: [Labtools 27-3164] End of startup status: HIGH
refresh_hw_device [lindex [get_hw_devices] 1]
INFO: [Labtools 27-1434] Device xc7z010 (JTAG device index = 1) is programmed with a design that has no supported debug core(s) in it.
WARNING: [Labtools 27-3123] The debug hub core was not detected at User Scan Chain 1 or 3.
Resolution: 
1. Make sure the clock connected to the debug hub (dbg_hub) core is a free running clock and is active OR
2. Manually launch hw_server with -e "set xsdb-user-bscan <C_USER_SCAN_CHAIN scan_chain_number>" to detect the debug hub at User Scan Chain of 2 or 4. To determine the user scan chain setting, open the implemented design and use: get_property C_USER_SCAN_CHAIN [get_debug_cores dbg_hub].
reset_run impl_1 -prev_step 
launch_runs impl_1 -to_step write_bitstream
WARNING: [Vivado 12-872] Run step 'Design Initialization' is out-of-date.
[Wed Jun 05 03:51:50 2019] Launched impl_1...
Run output will be captured here: C:/Users/yizii/Desktop/yzh/OrginalPongZyboSpring2019/OriginalPongZyboSpring2019.runs/impl_1/runme.log
set_property PROBES.FILE {} [lindex [get_hw_devices] 1]
set_property PROGRAM.FILE {C:/Users/yizii/Desktop/yzh/OrginalPongZyboSpring2019/OriginalPongZyboSpring2019.runs/impl_1/pongZybo2019spring.bit} [lindex [get_hw_devices] 1]
program_hw_devices [lindex [get_hw_devices] 1]
INFO: [Labtools 27-3164] End of startup status: HIGH
refresh_hw_device [lindex [get_hw_devices] 1]
INFO: [Labtools 27-1434] Device xc7z010 (JTAG device index = 1) is programmed with a design that has no supported debug core(s) in it.
WARNING: [Labtools 27-3123] The debug hub core was not detected at User Scan Chain 1 or 3.
Resolution: 
1. Make sure the clock connected to the debug hub (dbg_hub) core is a free running clock and is active OR
2. Manually launch hw_server with -e "set xsdb-user-bscan <C_USER_SCAN_CHAIN scan_chain_number>" to detect the debug hub at User Scan Chain of 2 or 4. To determine the user scan chain setting, open the implemented design and use: get_property C_USER_SCAN_CHAIN [get_debug_cores dbg_hub].
reset_run synth_1
launch_runs impl_1 -to_step write_bitstream
[Wed Jun 05 03:52:39 2019] Launched synth_1...
Run output will be captured here: C:/Users/yizii/Desktop/yzh/OrginalPongZyboSpring2019/OriginalPongZyboSpring2019.runs/synth_1/runme.log
[Wed Jun 05 03:52:39 2019] Launched impl_1...
Run output will be captured here: C:/Users/yizii/Desktop/yzh/OrginalPongZyboSpring2019/OriginalPongZyboSpring2019.runs/impl_1/runme.log
set_property PROBES.FILE {} [lindex [get_hw_devices] 1]
set_property PROGRAM.FILE {C:/Users/yizii/Desktop/yzh/OrginalPongZyboSpring2019/OriginalPongZyboSpring2019.runs/impl_1/pongZybo2019spring.bit} [lindex [get_hw_devices] 1]
program_hw_devices [lindex [get_hw_devices] 1]
INFO: [Labtools 27-3164] End of startup status: HIGH
refresh_hw_device [lindex [get_hw_devices] 1]
INFO: [Labtools 27-1434] Device xc7z010 (JTAG device index = 1) is programmed with a design that has no supported debug core(s) in it.
WARNING: [Labtools 27-3123] The debug hub core was not detected at User Scan Chain 1 or 3.
Resolution: 
1. Make sure the clock connected to the debug hub (dbg_hub) core is a free running clock and is active OR
2. Manually launch hw_server with -e "set xsdb-user-bscan <C_USER_SCAN_CHAIN scan_chain_number>" to detect the debug hub at User Scan Chain of 2 or 4. To determine the user scan chain setting, open the implemented design and use: get_property C_USER_SCAN_CHAIN [get_debug_cores dbg_hub].
reset_run synth_1
launch_runs impl_1 -to_step write_bitstream
[Wed Jun 05 03:55:17 2019] Launched synth_1...
Run output will be captured here: C:/Users/yizii/Desktop/yzh/OrginalPongZyboSpring2019/OriginalPongZyboSpring2019.runs/synth_1/runme.log
[Wed Jun 05 03:55:17 2019] Launched impl_1...
Run output will be captured here: C:/Users/yizii/Desktop/yzh/OrginalPongZyboSpring2019/OriginalPongZyboSpring2019.runs/impl_1/runme.log
set_property PROBES.FILE {} [lindex [get_hw_devices] 1]
set_property PROGRAM.FILE {C:/Users/yizii/Desktop/yzh/OrginalPongZyboSpring2019/OriginalPongZyboSpring2019.runs/impl_1/pongZybo2019spring.bit} [lindex [get_hw_devices] 1]
program_hw_devices [lindex [get_hw_devices] 1]
INFO: [Labtools 27-3164] End of startup status: HIGH
refresh_hw_device [lindex [get_hw_devices] 1]
INFO: [Labtools 27-1434] Device xc7z010 (JTAG device index = 1) is programmed with a design that has no supported debug core(s) in it.
WARNING: [Labtools 27-3123] The debug hub core was not detected at User Scan Chain 1 or 3.
Resolution: 
1. Make sure the clock connected to the debug hub (dbg_hub) core is a free running clock and is active OR
2. Manually launch hw_server with -e "set xsdb-user-bscan <C_USER_SCAN_CHAIN scan_chain_number>" to detect the debug hub at User Scan Chain of 2 or 4. To determine the user scan chain setting, open the implemented design and use: get_property C_USER_SCAN_CHAIN [get_debug_cores dbg_hub].
ERROR: [Labtools 27-3175] Target jsn-Zybo-210279654348A is no longer available.
Please use disconnect_hw_server to close the current server connection. Check cable connectivity and that the target board is powered up.
Restart the hw_server application running on host localhost, port 3121 and then use connect_hw_server to re-establish connection to target.
close_hw_target
INFO: [Labtoolstcl 44-464] Closing hw_target localhost:3121/xilinx_tcf/Digilent/210279654348A
